<?xml version="1.0" encoding="UTF-8"?>
<!-- Generated by org.testng.reporters.JUnitXMLReporter -->
<testsuite hostname="asda1716po02925" ignored="7" name="Default test" tests="1" failures="0" timestamp="03 Jul 2017 05:56:34 GMT" time="0.084" errors="0">
  <testcase name="InvalidTurnException" time="0.025" classname="com.qainfotech.tap.training.snl.api.BoardTest"/>
  <testcase name="Board" time="0.0" classname="com.qainfotech.tap.training.snl.api.BoardTest">
    <ignored/>
  </testcase> <!-- Board -->
  <testcase name="MaxPlayersReached" time="0.0" classname="com.qainfotech.tap.training.snl.api.BoardTest">
    <ignored/>
  </testcase> <!-- MaxPlayersReached -->
  <testcase name="registerPlayer" time="0.0" classname="com.qainfotech.tap.training.snl.api.BoardTest">
    <ignored/>
  </testcase> <!-- registerPlayer -->
  <testcase name="GameInProgress" time="0.0" classname="com.qainfotech.tap.training.snl.api.BoardTest">
    <ignored/>
  </testcase> <!-- GameInProgress -->
  <testcase name="PlayerExistsException" time="0.0" classname="com.qainfotech.tap.training.snl.api.BoardTest">
    <ignored/>
  </testcase> <!-- PlayerExistsException -->
  <testcase name="deletePlayer" time="0.0" classname="com.qainfotech.tap.training.snl.api.BoardTest">
    <ignored/>
  </testcase> <!-- deletePlayer -->
  <testcase name="rollDice" time="0.0" classname="com.qainfotech.tap.training.snl.api.BoardTest">
    <ignored/>
  </testcase> <!-- rollDice -->
</testsuite> <!-- Default test -->
